<?xml version="1.0" encoding="UTF-8"?>
<testsuite xmlns:xsi="http://www.w3.org/2001/XMLSchema-instance" xsi:noNamespaceSchemaLocation="https://maven.apache.org/surefire/maven-surefire-plugin/xsd/surefire-test-report-3.0.xsd" version="3.0" name="com.acme.mock.MockApplicationTests" time="4.712" tests="1" errors="0" skipped="0" failures="0">
  <properties>
[...]
</properties>
  <testcase name="contextLoads" classname="com.acme.mock.MockApplicationTests" time="1.22">
    <system-out><![CDATA[09:47:23.128 [main] INFO org.springframework.test.context.support.AnnotationConfigContextLoaderUtils -- Could not detect default configuration classes for test class [com.acme.mock.MockApplicationTests]: MockApplicationTests does not declare any static, non-private, non-final, nested classes annotated with @Configuration.
09:47:23.320 [main] INFO org.springframework.boot.test.context.SpringBootTestContextBootstrapper -- Found @SpringBootConfiguration com.acme.mock.MockApplication for test class com.acme.mock.MockApplicationTests

  .   ____          _            __ _ _
 /\\ / ___'_ __ _ _(_)_ __  __ _ \ \ \ \
( ( )\___ | '_ | '_| | '_ \/ _` | \ \ \ \
 \\/  ___)| |_)| | | | | || (_| |  ) ) ) )
  '  |____| .__|_| |_|_| |_\__, | / / / /
 =========|_|==============|___/=/_/_/_/
 :: Spring Boot ::                (v3.1.0)

2023-08-23T09:47:24.115-05:00  INFO 6908 --- [           main] com.acme.mock.MockApplicationTests       : Starting MockApplicationTests using Java 17.0.8 with PID 6908 (started by Alex in C:\Users\Alex\Downloads\mock)
2023-08-23T09:47:24.117-05:00  INFO 6908 --- [           main] com.acme.mock.MockApplicationTests       : No active profile set, falling back to 1 default profile: "default"
2023-08-23T09:47:25.283-05:00  INFO 6908 --- [           main] trationDelegate$BeanPostProcessorChecker : Bean 'wsConfig' of type [com.acme.mock.config.WsConfig$$SpringCGLIB$$0] is not eligible for getting processed by all BeanPostProcessors (for example: not eligible for auto-proxying)
2023-08-23T09:47:25.284-05:00  INFO 6908 --- [           main] trationDelegate$BeanPostProcessorChecker : Bean 'org.springframework.ws.config.annotation.DelegatingWsConfiguration' of type [org.springframework.ws.config.annotation.DelegatingWsConfiguration$$SpringCGLIB$$0] is not eligible for getting processed by all BeanPostProcessors (for example: not eligible for auto-proxying)
2023-08-23T09:47:25.342-05:00  INFO 6908 --- [           main] .w.s.a.s.AnnotationActionEndpointMapping : Supporting [WS-Addressing August 2004, WS-Addressing 1.0]
2023-08-23T09:47:26.381-05:00  INFO 6908 --- [           main] com.acme.mock.MockApplicationTests       : Started MockApplicationTests in 2.731 seconds (process running for 4.207)
]]></system-out>
  </testcase>
</testsuite>